  Timer.cpp
d:\job\kpu\3 - 2\network game programming\network-game-programming\term project\server\demo\multithreadtcpserver\d2d_operator.h(20): warning C4244: '인수': 'float'에서 'INT32'(으)로 변환하면서 데이터가 손실될 수 있습니다.
d:\job\kpu\3 - 2\network game programming\network-game-programming\term project\server\demo\multithreadtcpserver\stdafx.h(74): warning C4005: 'MAX_FPS': 매크로 재정의
  d:\job\kpu\3 - 2\network game programming\network-game-programming\term project\server\demo\multithreadtcpserver\systemdefine.h(35): note: 'MAX_FPS'의 이전 정의를 참조하십시오.
  Player.cpp
d:\job\kpu\3 - 2\network game programming\network-game-programming\term project\server\demo\multithreadtcpserver\d2d_operator.h(20): warning C4244: '인수': 'float'에서 'INT32'(으)로 변환하면서 데이터가 손실될 수 있습니다.
d:\job\kpu\3 - 2\network game programming\network-game-programming\term project\server\demo\multithreadtcpserver\stdafx.h(74): warning C4005: 'MAX_FPS': 매크로 재정의
  d:\job\kpu\3 - 2\network game programming\network-game-programming\term project\server\demo\multithreadtcpserver\systemdefine.h(35): note: 'MAX_FPS'의 이전 정의를 참조하십시오.
  Object.cpp
d:\job\kpu\3 - 2\network game programming\network-game-programming\term project\server\demo\multithreadtcpserver\d2d_operator.h(20): warning C4244: '인수': 'float'에서 'INT32'(으)로 변환하면서 데이터가 손실될 수 있습니다.
d:\job\kpu\3 - 2\network game programming\network-game-programming\term project\server\demo\multithreadtcpserver\stdafx.h(74): warning C4005: 'MAX_FPS': 매크로 재정의
  d:\job\kpu\3 - 2\network game programming\network-game-programming\term project\server\demo\multithreadtcpserver\systemdefine.h(35): note: 'MAX_FPS'의 이전 정의를 참조하십시오.
  Item.cpp
d:\job\kpu\3 - 2\network game programming\network-game-programming\term project\server\demo\multithreadtcpserver\d2d_operator.h(20): warning C4244: '인수': 'float'에서 'INT32'(으)로 변환하면서 데이터가 손실될 수 있습니다.
d:\job\kpu\3 - 2\network game programming\network-game-programming\term project\server\demo\multithreadtcpserver\stdafx.h(74): warning C4005: 'MAX_FPS': 매크로 재정의
  d:\job\kpu\3 - 2\network game programming\network-game-programming\term project\server\demo\multithreadtcpserver\systemdefine.h(35): note: 'MAX_FPS'의 이전 정의를 참조하십시오.
  Block.cpp
d:\job\kpu\3 - 2\network game programming\network-game-programming\term project\server\demo\multithreadtcpserver\d2d_operator.h(20): warning C4244: '인수': 'float'에서 'INT32'(으)로 변환하면서 데이터가 손실될 수 있습니다.
d:\job\kpu\3 - 2\network game programming\network-game-programming\term project\server\demo\multithreadtcpserver\stdafx.h(74): warning C4005: 'MAX_FPS': 매크로 재정의
  d:\job\kpu\3 - 2\network game programming\network-game-programming\term project\server\demo\multithreadtcpserver\systemdefine.h(35): note: 'MAX_FPS'의 이전 정의를 참조하십시오.
  MultithreadTCPServer.cpp
d:\job\kpu\3 - 2\network game programming\network-game-programming\term project\server\demo\multithreadtcpserver\d2d_operator.h(20): warning C4244: '인수': 'float'에서 'INT32'(으)로 변환하면서 데이터가 손실될 수 있습니다.
d:\job\kpu\3 - 2\network game programming\network-game-programming\term project\server\demo\multithreadtcpserver\stdafx.h(74): warning C4005: 'MAX_FPS': 매크로 재정의
  d:\job\kpu\3 - 2\network game programming\network-game-programming\term project\server\demo\multithreadtcpserver\systemdefine.h(35): note: 'MAX_FPS'의 이전 정의를 참조하십시오.
d:\job\kpu\3 - 2\network game programming\network-game-programming\term project\server\demo\multithreadtcpserver\multithreadtcpserver.cpp(92): warning C4018: '<': signed 또는 unsigned가 일치하지 않습니다.
d:\job\kpu\3 - 2\network game programming\network-game-programming\term project\server\demo\multithreadtcpserver\multithreadtcpserver.cpp(176): warning C4996: 'inet_ntoa': Use inet_ntop() or InetNtop() instead or define _WINSOCK_DEPRECATED_NO_WARNINGS to disable deprecated API warnings
  c:\program files (x86)\windows kits\10\include\10.0.15063.0\um\winsock2.h(1848): note: 'inet_ntoa' 선언을 참조하십시오.
d:\job\kpu\3 - 2\network game programming\network-game-programming\term project\server\demo\multithreadtcpserver\multithreadtcpserver.cpp(237): warning C4996: 'inet_ntoa': Use inet_ntop() or InetNtop() instead or define _WINSOCK_DEPRECATED_NO_WARNINGS to disable deprecated API warnings
  c:\program files (x86)\windows kits\10\include\10.0.15063.0\um\winsock2.h(1848): note: 'inet_ntoa' 선언을 참조하십시오.
  코드를 생성하고 있습니다...
d:\job\kpu\3 - 2\network game programming\network-game-programming\term project\server\demo\multithreadtcpserver\multithreadtcpserver.cpp(220): warning C4700: 초기화되지 않은 'client_sock' 지역 변수를 사용했습니다.
  MultithreadTCPServer.vcxproj -> D:\Job\KPU\3 - 2\Network Game Programming\Network-Game-Programming\Term Project\Server\Demo\MultithreadTCPServer\Debug\MultithreadTCPServer.exe
  MultithreadTCPServer.vcxproj -> D:\Job\KPU\3 - 2\Network Game Programming\Network-Game-Programming\Term Project\Server\Demo\MultithreadTCPServer\Debug\MultithreadTCPServer.pdb (Partial PDB)
